[2020-08-18 00:07:19Z INFO HostContext] No proxy settings were found based on environmental variables (http_proxy/https_proxy/HTTP_PROXY/HTTPS_PROXY)
[2020-08-18 00:07:19Z INFO HostContext] Well known directory 'Bin': '/Users/leandroalbero/go/src/github.com/leandroalbero/proyectoDevops/actions-runner/bin'
[2020-08-18 00:07:19Z INFO HostContext] Well known directory 'Root': '/Users/leandroalbero/go/src/github.com/leandroalbero/proyectoDevops/actions-runner'
[2020-08-18 00:07:19Z INFO HostContext] Well known config file 'Credentials': '/Users/leandroalbero/go/src/github.com/leandroalbero/proyectoDevops/actions-runner/.credentials'
[2020-08-18 00:07:19Z INFO Listener] Runner is built for OSX (X64) - osx-x64.
[2020-08-18 00:07:19Z INFO Listener] RuntimeInformation: Darwin 19.6.0 Darwin Kernel Version 19.6.0: Thu Jun 18 20:49:00 PDT 2020; root:xnu-6153.141.1~1/RELEASE_X86_64.
[2020-08-18 00:07:19Z INFO Listener] Version: 2.272.0
[2020-08-18 00:07:19Z INFO Listener] Commit: ae543d59756d8440d9b450f3ca74ada6a1b8aefc
[2020-08-18 00:07:19Z INFO Listener] Culture: 
[2020-08-18 00:07:19Z INFO Listener] UI Culture: 
[2020-08-18 00:07:19Z INFO HostContext] Well known directory 'Bin': '/Users/leandroalbero/go/src/github.com/leandroalbero/proyectoDevops/actions-runner/bin'
[2020-08-18 00:07:19Z INFO HostContext] Well known directory 'Root': '/Users/leandroalbero/go/src/github.com/leandroalbero/proyectoDevops/actions-runner'
[2020-08-18 00:07:19Z INFO Listener] Validating directory permissions for: '/Users/leandroalbero/go/src/github.com/leandroalbero/proyectoDevops/actions-runner'
[2020-08-18 00:07:19Z INFO CommandLineParser] Parse
[2020-08-18 00:07:19Z INFO CommandLineParser] Parsing 5 args
[2020-08-18 00:07:19Z INFO CommandLineParser] parsing argument
[2020-08-18 00:07:19Z INFO CommandLineParser] HasArgs: False
[2020-08-18 00:07:19Z INFO CommandLineParser] Adding Command: configure
[2020-08-18 00:07:19Z INFO CommandLineParser] parsing argument
[2020-08-18 00:07:19Z INFO CommandLineParser] HasArgs: True
[2020-08-18 00:07:19Z INFO CommandLineParser] arg: url
[2020-08-18 00:07:19Z INFO CommandLineParser] parsing argument
[2020-08-18 00:07:19Z INFO CommandLineParser] HasArgs: True
[2020-08-18 00:07:19Z INFO CommandLineParser] Adding option 'url': 'https://github.com/leandroalbero/proyectoDevops'
[2020-08-18 00:07:19Z INFO CommandLineParser] parsing argument
[2020-08-18 00:07:19Z INFO CommandLineParser] HasArgs: True
[2020-08-18 00:07:19Z INFO CommandLineParser] arg: token
[2020-08-18 00:07:19Z INFO CommandLineParser] parsing argument
[2020-08-18 00:07:19Z INFO CommandLineParser] HasArgs: True
[2020-08-18 00:07:19Z INFO CommandLineParser] Adding option 'token': '***'
[2020-08-18 00:07:19Z INFO Listener] Arguments parsed
[2020-08-18 00:07:19Z INFO Runner] ExecuteCommand
[2020-08-18 00:07:19Z INFO ConfigurationStore] currentAssemblyLocation: /Users/leandroalbero/go/src/github.com/leandroalbero/proyectoDevops/actions-runner/bin/Runner.Listener.dll
[2020-08-18 00:07:19Z INFO HostContext] Well known directory 'Bin': '/Users/leandroalbero/go/src/github.com/leandroalbero/proyectoDevops/actions-runner/bin'
[2020-08-18 00:07:19Z INFO ConfigurationStore] binPath: /Users/leandroalbero/go/src/github.com/leandroalbero/proyectoDevops/actions-runner/bin
[2020-08-18 00:07:19Z INFO HostContext] Well known directory 'Bin': '/Users/leandroalbero/go/src/github.com/leandroalbero/proyectoDevops/actions-runner/bin'
[2020-08-18 00:07:19Z INFO HostContext] Well known directory 'Root': '/Users/leandroalbero/go/src/github.com/leandroalbero/proyectoDevops/actions-runner'
[2020-08-18 00:07:19Z INFO ConfigurationStore] RootFolder: /Users/leandroalbero/go/src/github.com/leandroalbero/proyectoDevops/actions-runner
[2020-08-18 00:07:19Z INFO HostContext] Well known directory 'Bin': '/Users/leandroalbero/go/src/github.com/leandroalbero/proyectoDevops/actions-runner/bin'
[2020-08-18 00:07:19Z INFO HostContext] Well known directory 'Root': '/Users/leandroalbero/go/src/github.com/leandroalbero/proyectoDevops/actions-runner'
[2020-08-18 00:07:19Z INFO HostContext] Well known config file 'Runner': '/Users/leandroalbero/go/src/github.com/leandroalbero/proyectoDevops/actions-runner/.runner'
[2020-08-18 00:07:19Z INFO ConfigurationStore] ConfigFilePath: /Users/leandroalbero/go/src/github.com/leandroalbero/proyectoDevops/actions-runner/.runner
[2020-08-18 00:07:19Z INFO HostContext] Well known directory 'Bin': '/Users/leandroalbero/go/src/github.com/leandroalbero/proyectoDevops/actions-runner/bin'
[2020-08-18 00:07:19Z INFO HostContext] Well known directory 'Root': '/Users/leandroalbero/go/src/github.com/leandroalbero/proyectoDevops/actions-runner'
[2020-08-18 00:07:19Z INFO HostContext] Well known config file 'Credentials': '/Users/leandroalbero/go/src/github.com/leandroalbero/proyectoDevops/actions-runner/.credentials'
[2020-08-18 00:07:19Z INFO ConfigurationStore] CredFilePath: /Users/leandroalbero/go/src/github.com/leandroalbero/proyectoDevops/actions-runner/.credentials
[2020-08-18 00:07:19Z INFO HostContext] Well known directory 'Bin': '/Users/leandroalbero/go/src/github.com/leandroalbero/proyectoDevops/actions-runner/bin'
[2020-08-18 00:07:19Z INFO HostContext] Well known directory 'Root': '/Users/leandroalbero/go/src/github.com/leandroalbero/proyectoDevops/actions-runner'
[2020-08-18 00:07:19Z INFO HostContext] Well known config file 'MigratedCredentials': '/Users/leandroalbero/go/src/github.com/leandroalbero/proyectoDevops/actions-runner/.credentials_migrated'
[2020-08-18 00:07:19Z INFO ConfigurationStore] MigratedCredFilePath: /Users/leandroalbero/go/src/github.com/leandroalbero/proyectoDevops/actions-runner/.credentials_migrated
[2020-08-18 00:07:19Z INFO HostContext] Well known directory 'Bin': '/Users/leandroalbero/go/src/github.com/leandroalbero/proyectoDevops/actions-runner/bin'
[2020-08-18 00:07:19Z INFO HostContext] Well known directory 'Root': '/Users/leandroalbero/go/src/github.com/leandroalbero/proyectoDevops/actions-runner'
[2020-08-18 00:07:19Z INFO HostContext] Well known config file 'Service': '/Users/leandroalbero/go/src/github.com/leandroalbero/proyectoDevops/actions-runner/.service'
[2020-08-18 00:07:19Z INFO ConfigurationStore] ServiceConfigFilePath: /Users/leandroalbero/go/src/github.com/leandroalbero/proyectoDevops/actions-runner/.service
[2020-08-18 00:07:19Z INFO CommandSettings] Flag 'help': 'False'
[2020-08-18 00:07:19Z INFO CommandSettings] Flag 'version': 'False'
[2020-08-18 00:07:19Z INFO CommandSettings] Flag 'commit': 'False'
[2020-08-18 00:07:19Z INFO CommandSettings] Command 'configure': 'True'
[2020-08-18 00:07:19Z INFO Terminal] WRITE LINE: 
[2020-08-18 00:07:19Z INFO Terminal] WRITE LINE: --------------------------------------------------------------------------------
[2020-08-18 00:07:19Z INFO Terminal] WRITE LINE: |        ____ _ _   _   _       _          _        _   _                      |
[2020-08-18 00:07:19Z INFO Terminal] WRITE LINE: |       / ___(_) |_| | | |_   _| |__      / \   ___| |_(_) ___  _ __  ___      |
[2020-08-18 00:07:19Z INFO Terminal] WRITE LINE: |      | |  _| | __| |_| | | | | '_ \    / _ \ / __| __| |/ _ \| '_ \/ __|     |
[2020-08-18 00:07:19Z INFO Terminal] WRITE LINE: |      | |_| | | |_|  _  | |_| | |_) |  / ___ \ (__| |_| | (_) | | | \__ \     |
[2020-08-18 00:07:19Z INFO Terminal] WRITE LINE: |       \____|_|\__|_| |_|\__,_|_.__/  /_/   \_\___|\__|_|\___/|_| |_|___/     |
[2020-08-18 00:07:19Z INFO Terminal] WRITE LINE: |                                                                              |
[2020-08-18 00:07:19Z INFO Terminal] WRITE: |                       
[2020-08-18 00:07:19Z INFO Terminal] WRITE: Self-hosted runner registration
[2020-08-18 00:07:19Z INFO Terminal] WRITE LINE:                         |
[2020-08-18 00:07:19Z INFO Terminal] WRITE LINE: |                                                                              |
[2020-08-18 00:07:19Z INFO Terminal] WRITE LINE: --------------------------------------------------------------------------------
[2020-08-18 00:07:19Z INFO ConfigurationManager] ConfigureAsync
[2020-08-18 00:07:19Z INFO ConfigurationStore] IsConfigured()
[2020-08-18 00:07:19Z INFO ConfigurationStore] IsConfigured: False
[2020-08-18 00:07:19Z INFO ConfigurationManager] Is configured: False
[2020-08-18 00:07:19Z INFO CommandSettings] Arg 'url': 'https://github.com/leandroalbero/proyectoDevops'
[2020-08-18 00:07:19Z INFO CommandSettings] Remove url from Arg dictionary.
[2020-08-18 00:07:19Z INFO CommandSettings] Arg 'token': '***'
[2020-08-18 00:07:19Z INFO CommandSettings] Remove token from Arg dictionary.
[2020-08-18 00:07:23Z INFO ConfigurationManager] Http response code: OK from 'POST https://api.github.com/actions/runner-registration'
[2020-08-18 00:07:23Z INFO ConfigurationManager] cred retrieved via GitHub auth
[2020-08-18 00:07:23Z INFO RunnerServer] Establish connection with 100 seconds timeout.
[2020-08-18 00:07:24Z INFO GitHubActionsService] Starting operation Location.GetConnectionData
[2020-08-18 00:07:24Z INFO RunnerServer] Establish connection with 60 seconds timeout.
[2020-08-18 00:07:24Z INFO GitHubActionsService] Starting operation Location.GetConnectionData
[2020-08-18 00:07:24Z INFO RunnerServer] Establish connection with 60 seconds timeout.
[2020-08-18 00:07:24Z INFO GitHubActionsService] Starting operation Location.GetConnectionData
[2020-08-18 00:07:26Z INFO GitHubActionsService] Finished operation Location.GetConnectionData
[2020-08-18 00:07:26Z INFO GitHubActionsService] Finished operation Location.GetConnectionData
[2020-08-18 00:07:26Z INFO GitHubActionsService] Finished operation Location.GetConnectionData
[2020-08-18 00:07:26Z INFO Terminal] WRITE LINE: 
[2020-08-18 00:07:26Z INFO ConfigurationManager] Test Connection complete.
[2020-08-18 00:07:26Z INFO HostContext] Well known directory 'Bin': '/Users/leandroalbero/go/src/github.com/leandroalbero/proyectoDevops/actions-runner/bin'
[2020-08-18 00:07:26Z INFO HostContext] Well known directory 'Root': '/Users/leandroalbero/go/src/github.com/leandroalbero/proyectoDevops/actions-runner'
[2020-08-18 00:07:26Z INFO HostContext] Well known config file 'RSACredentials': '/Users/leandroalbero/go/src/github.com/leandroalbero/proyectoDevops/actions-runner/.credentials_rsaparams'
[2020-08-18 00:07:26Z INFO RSAFileKeyManager] Creating new RSA key using 2048-bit key length
[2020-08-18 00:07:27Z INFO RSAFileKeyManager] Successfully saved RSA key parameters to file /Users/leandroalbero/go/src/github.com/leandroalbero/proyectoDevops/actions-runner/.credentials_rsaparams
[2020-08-18 00:07:27Z INFO RSAFileKeyManager] Which: 'chmod'
[2020-08-18 00:07:27Z INFO RSAFileKeyManager] Location: '/bin/chmod'
[2020-08-18 00:07:28Z INFO HostContext] Well known directory 'Bin': '/Users/leandroalbero/go/src/github.com/leandroalbero/proyectoDevops/actions-runner/bin'
[2020-08-18 00:07:28Z INFO HostContext] Well known directory 'Root': '/Users/leandroalbero/go/src/github.com/leandroalbero/proyectoDevops/actions-runner'
[2020-08-18 00:07:28Z INFO ProcessInvokerWrapper] Starting process:
[2020-08-18 00:07:28Z INFO ProcessInvokerWrapper]   File name: '/bin/chmod'
[2020-08-18 00:07:28Z INFO ProcessInvokerWrapper]   Arguments: '600 /Users/leandroalbero/go/src/github.com/leandroalbero/proyectoDevops/actions-runner/.credentials_rsaparams'
[2020-08-18 00:07:28Z INFO ProcessInvokerWrapper]   Working directory: '/Users/leandroalbero/go/src/github.com/leandroalbero/proyectoDevops/actions-runner'
[2020-08-18 00:07:28Z INFO ProcessInvokerWrapper]   Require exit code zero: 'False'
[2020-08-18 00:07:28Z INFO ProcessInvokerWrapper]   Encoding web name:  ; code page: ''
[2020-08-18 00:07:28Z INFO ProcessInvokerWrapper]   Force kill process on cancellation: 'False'
[2020-08-18 00:07:28Z INFO ProcessInvokerWrapper]   Redirected STDIN: 'False'
[2020-08-18 00:07:28Z INFO ProcessInvokerWrapper]   Persist current code page: 'False'
[2020-08-18 00:07:28Z INFO ProcessInvokerWrapper]   Keep redirected STDIN open: 'False'
[2020-08-18 00:07:28Z INFO ProcessInvokerWrapper]   High priority process: 'False'
[2020-08-18 00:07:28Z INFO ProcessInvokerWrapper] Process started with process id 16736, waiting for process exit.
[2020-08-18 00:07:28Z INFO ProcessInvokerWrapper] STDOUT/STDERR stream read finished.
[2020-08-18 00:07:28Z INFO ProcessInvokerWrapper] STDOUT/STDERR stream read finished.
[2020-08-18 00:07:28Z INFO ProcessInvokerWrapper] Finished process 16736 with exit code 0, and elapsed time 00:00:00.0127695.
[2020-08-18 00:07:28Z INFO RSAFileKeyManager] Successfully set permissions for RSA key parameters file /Users/leandroalbero/go/src/github.com/leandroalbero/proyectoDevops/actions-runner/.credentials_rsaparams
[2020-08-18 00:07:28Z INFO ConfigurationManager] Found a self-hosted runner group with id {1} and name {2} 1, Default
[2020-08-18 00:07:28Z INFO CommandSettings] Arg 'name': ''
[2020-08-18 00:07:28Z INFO CommandSettings] Flag 'unattended': 'False'
[2020-08-18 00:07:28Z INFO PromptManager] ReadValue
[2020-08-18 00:07:28Z INFO Terminal] WRITE: Enter the name of runner: 
[2020-08-18 00:07:28Z INFO Terminal] WRITE: [press Enter for 8750H] 
[2020-08-18 00:07:28Z INFO Terminal] READ LINE
[2020-08-18 00:07:31Z INFO Terminal] Read value: ''
[2020-08-18 00:07:31Z INFO PromptManager] Falling back to the default: '8750H'
[2020-08-18 00:07:31Z INFO Terminal] WRITE LINE: 
[2020-08-18 00:07:31Z INFO CommandSettings] Arg 'labels': ''
[2020-08-18 00:07:31Z INFO CommandSettings] Flag 'unattended': 'False'
[2020-08-18 00:07:31Z INFO PromptManager] ReadValue
[2020-08-18 00:07:31Z INFO Terminal] WRITE: This runner will have the following labels: 'self-hosted', 'macOS', 'X64' 
Enter any additional labels (ex. label-1,label-2): 
[2020-08-18 00:07:31Z INFO Terminal] WRITE: [press Enter to skip] 
[2020-08-18 00:07:31Z INFO Terminal] READ LINE
[2020-08-18 00:07:35Z INFO Terminal] Read value: ''
[2020-08-18 00:07:35Z INFO Terminal] WRITE LINE: 
[2020-08-18 00:07:36Z INFO ConfigurationStore] Saving OAuth credential @ /Users/leandroalbero/go/src/github.com/leandroalbero/proyectoDevops/actions-runner/.credentials
[2020-08-18 00:07:36Z INFO ConfigurationStore] Credentials Saved.
[2020-08-18 00:07:36Z INFO ConfigurationStore] HasCredentials()
[2020-08-18 00:07:36Z INFO ConfigurationStore] stored True
[2020-08-18 00:07:36Z INFO CredentialManager] GetCredentialProvider
[2020-08-18 00:07:36Z INFO CredentialManager] Creating type OAuth
[2020-08-18 00:07:36Z INFO CredentialManager] Creating credential type: OAuth
[2020-08-18 00:07:36Z INFO RSAFileKeyManager] Loading RSA key parameters from file /Users/leandroalbero/go/src/github.com/leandroalbero/proyectoDevops/actions-runner/.credentials_rsaparams
[2020-08-18 00:07:36Z INFO RunnerServer] Establish connection with 100 seconds timeout.
[2020-08-18 00:07:36Z INFO GitHubActionsService] Starting operation Location.GetConnectionData
[2020-08-18 00:07:36Z INFO RunnerServer] Establish connection with 60 seconds timeout.
[2020-08-18 00:07:36Z INFO GitHubActionsService] Starting operation Location.GetConnectionData
[2020-08-18 00:07:36Z INFO RunnerServer] Establish connection with 60 seconds timeout.
[2020-08-18 00:07:36Z INFO GitHubActionsService] Starting operation Location.GetConnectionData
[2020-08-18 00:07:37Z INFO GitHubActionsService] Finished operation Location.GetConnectionData
[2020-08-18 00:07:37Z INFO GitHubActionsService] Finished operation Location.GetConnectionData
[2020-08-18 00:07:37Z INFO GitHubActionsService] Finished operation Location.GetConnectionData
[2020-08-18 00:07:37Z WARN GitHubActionsService] Authentication failed with status code 401.
WWW-Authenticate: Bearer
Strict-Transport-Security: max-age=2592000
X-TFS-ProcessId: e1eef72d-4802-4534-b788-80ffc3894d18
ActivityId: 7f8b424b-6b86-4377-a836-ab6fa1dbd04d
X-TFS-Session: 8f38ff0f-a2e4-42e6-b326-e0a2c8fe040c
X-VSS-E2EID: a55c0d41-a4e8-4ad5-9bd7-81ac7f15a4e8
X-VSS-SenderDeploymentId: 13a19993-c6bc-326c-afb4-32c5519f46f0
X-TFS-ServiceError: The+user+%27System%3aPublicAccess%3baaaaaaaa-aaaa-aaaa-aaaa-aaaaaaaaaaaa%27+is+not+authorized+to+access+this+resource.
X-VSS-S2STargetService: 0000005A-0000-8888-8000-000000000000/visualstudio.com
X-MSEdge-Ref: Ref A: 8FA8EFEC0E994E489F1CB8180A3B345C Ref B: MAD30EDGE0412 Ref C: 2020-08-18T00:07:37Z
Date: Tue, 18 Aug 2020 00:07:36 GMT

[2020-08-18 00:07:37Z INFO RSAFileKeyManager] Loading RSA key parameters from file /Users/leandroalbero/go/src/github.com/leandroalbero/proyectoDevops/actions-runner/.credentials_rsaparams
[2020-08-18 00:07:37Z INFO RSAFileKeyManager] Loading RSA key parameters from file /Users/leandroalbero/go/src/github.com/leandroalbero/proyectoDevops/actions-runner/.credentials_rsaparams
[2020-08-18 00:07:38Z INFO GitHubActionsService] AAD Correlation ID for this token request: Unknown
[2020-08-18 00:07:38Z INFO CommandSettings] Arg 'work': ''
[2020-08-18 00:07:38Z INFO CommandSettings] Flag 'unattended': 'False'
[2020-08-18 00:07:38Z INFO PromptManager] ReadValue
[2020-08-18 00:07:38Z INFO Terminal] WRITE: Enter name of work folder: 
[2020-08-18 00:07:38Z INFO Terminal] WRITE: [press Enter for _work] 
[2020-08-18 00:07:38Z INFO Terminal] READ LINE
[2020-08-18 00:07:46Z INFO Terminal] Read value: ''
[2020-08-18 00:07:46Z INFO PromptManager] Falling back to the default: '_work'
[2020-08-18 00:07:46Z INFO ConfigurationStore] Saving runner settings.
[2020-08-18 00:07:46Z INFO ConfigurationStore] Settings Saved.
[2020-08-18 00:07:46Z INFO Terminal] WRITE LINE: 
[2020-08-18 00:07:46Z INFO Terminal] WRITE LINE: 
[2020-08-18 00:07:46Z INFO OsxServiceControlManager] Service name 'actions.runner.leandroalbero-proyectoDevops.8750H' display name 'GitHub Actions Runner (leandroalbero-proyectoDevops.8750H)' will be used for service configuration.
[2020-08-18 00:07:46Z INFO HostContext] Well known directory 'Bin': '/Users/leandroalbero/go/src/github.com/leandroalbero/proyectoDevops/actions-runner/bin'
[2020-08-18 00:07:46Z INFO HostContext] Well known directory 'Root': '/Users/leandroalbero/go/src/github.com/leandroalbero/proyectoDevops/actions-runner'
[2020-08-18 00:07:46Z INFO HostContext] Well known directory 'Bin': '/Users/leandroalbero/go/src/github.com/leandroalbero/proyectoDevops/actions-runner/bin'
[2020-08-18 00:07:46Z INFO HostContext] Well known directory 'Bin': '/Users/leandroalbero/go/src/github.com/leandroalbero/proyectoDevops/actions-runner/bin'
[2020-08-18 00:07:46Z INFO HostContext] Well known directory 'Root': '/Users/leandroalbero/go/src/github.com/leandroalbero/proyectoDevops/actions-runner'
[2020-08-18 00:07:46Z INFO UnixUtil] Which: 'chmod'
[2020-08-18 00:07:46Z INFO UnixUtil] Location: '/bin/chmod'
[2020-08-18 00:07:46Z INFO UnixUtil] Running /bin/chmod 755 "/Users/leandroalbero/go/src/github.com/leandroalbero/proyectoDevops/actions-runner/svc.sh"
[2020-08-18 00:07:46Z INFO ProcessInvokerWrapper] Starting process:
[2020-08-18 00:07:46Z INFO ProcessInvokerWrapper]   File name: '/bin/chmod'
[2020-08-18 00:07:46Z INFO ProcessInvokerWrapper]   Arguments: '755 "/Users/leandroalbero/go/src/github.com/leandroalbero/proyectoDevops/actions-runner/svc.sh"'
[2020-08-18 00:07:46Z INFO ProcessInvokerWrapper]   Working directory: '/Users/leandroalbero/go/src/github.com/leandroalbero/proyectoDevops/actions-runner'
[2020-08-18 00:07:46Z INFO ProcessInvokerWrapper]   Require exit code zero: 'True'
[2020-08-18 00:07:46Z INFO ProcessInvokerWrapper]   Encoding web name:  ; code page: ''
[2020-08-18 00:07:46Z INFO ProcessInvokerWrapper]   Force kill process on cancellation: 'False'
[2020-08-18 00:07:46Z INFO ProcessInvokerWrapper]   Redirected STDIN: 'False'
[2020-08-18 00:07:46Z INFO ProcessInvokerWrapper]   Persist current code page: 'False'
[2020-08-18 00:07:46Z INFO ProcessInvokerWrapper]   Keep redirected STDIN open: 'False'
[2020-08-18 00:07:46Z INFO ProcessInvokerWrapper]   High priority process: 'False'
[2020-08-18 00:07:46Z INFO ProcessInvokerWrapper] Process started with process id 16737, waiting for process exit.
[2020-08-18 00:07:46Z INFO ProcessInvokerWrapper] STDOUT/STDERR stream read finished.
[2020-08-18 00:07:46Z INFO ProcessInvokerWrapper] STDOUT/STDERR stream read finished.
[2020-08-18 00:07:46Z INFO ProcessInvokerWrapper] Finished process 16737 with exit code 0, and elapsed time 00:00:00.0079279.
[2020-08-18 00:07:46Z INFO Listener] Runner execution has finished with return code 0
